<?xml version="1.0" encoding="UTF-8"?>
<testng-results skipped="0" failed="0" total="1" passed="1">
  <reporter-output>
  </reporter-output>
  <suite name="Surefire suite" duration-ms="16644" started-at="2020-04-22T06:12:15Z" finished-at="2020-04-22T06:12:32Z">
    <groups>
    </groups>
    <test name="Surefire test" duration-ms="16644" started-at="2020-04-22T06:12:15Z" finished-at="2020-04-22T06:12:32Z">
      <class name="selenium.wechatautotest.AppTest">
        <test-method status="PASS" signature="aa()[pri:0, instance:selenium.wechatautotest.AppTest@735b478]" name="aa" duration-ms="16638" started-at="2020-04-22T14:12:15Z" finished-at="2020-04-22T14:12:32Z">
          <reporter-output>
          </reporter-output>
        </test-method> <!-- aa -->
      </class> <!-- selenium.wechatautotest.AppTest -->
    </test> <!-- Surefire test -->
  </suite> <!-- Surefire suite -->
</testng-results>
